0 info it worked if it ends with ok
1 verbose cli [ '/usr/local/bin/node',
1 verbose cli   '/usr/local/bin/npm',
1 verbose cli   'install',
1 verbose cli   'phantom.js',
1 verbose cli   '1.8' ]
2 info using npm@2.14.12
3 info using node@v4.2.4
4 verbose install initial load of /Users/yuhyegyeong/test/package.json
5 warn package.json test1@0.0.1 No README data
6 verbose installManyTop reading scoped package data from /Users/yuhyegyeong/test/node_modules/casperjs/package.json
7 verbose installManyTop reading scoped package data from /Users/yuhyegyeong/test/node_modules/cheerio/package.json
8 verbose installManyTop reading scoped package data from /Users/yuhyegyeong/test/node_modules/express/package.json
9 verbose installManyTop reading scoped package data from /Users/yuhyegyeong/test/node_modules/localStorage/package.json
10 verbose installManyTop reading scoped package data from /Users/yuhyegyeong/test/node_modules/request/package.json
11 verbose installManyTop reading scoped package data from /Users/yuhyegyeong/test/node_modules/sessionstorage/package.json
12 verbose installManyTop reading scoped package data from /Users/yuhyegyeong/test/node_modules/socket.io/package.json
13 info package.json casperjs@1.1.1 No license field.
14 info package.json localStorage@1.0.3 license should be a valid SPDX license expression
15 verbose readDependencies loading dependencies from /Users/yuhyegyeong/test/package.json
16 silly cache add args [ 'phantom.js', null ]
17 verbose cache add spec phantom.js
18 silly cache add args [ '1.8', null ]
19 verbose cache add spec 1.8
20 silly cache add parsed spec Result {
20 silly cache add   raw: 'phantom.js',
20 silly cache add   scope: null,
20 silly cache add   name: 'phantom.js',
20 silly cache add   rawSpec: '',
20 silly cache add   spec: 'latest',
20 silly cache add   type: 'tag' }
21 silly addNamed phantom.js@latest
22 verbose addNamed "latest" is being treated as a dist-tag for phantom.js
23 info addNameTag [ 'phantom.js', 'latest' ]
24 silly mapToRegistry name phantom.js
25 silly mapToRegistry using default registry
26 silly mapToRegistry registry https://registry.npmjs.org/
27 silly mapToRegistry uri https://registry.npmjs.org/phantom.js
28 verbose addNameTag registry:https://registry.npmjs.org/phantom.js not in flight; fetching
29 silly cache add parsed spec Result {
29 silly cache add   raw: '1.8',
29 silly cache add   scope: null,
29 silly cache add   name: '1.8',
29 silly cache add   rawSpec: '',
29 silly cache add   spec: 'latest',
29 silly cache add   type: 'tag' }
30 silly addNamed 1.8@latest
31 verbose addNamed "latest" is being treated as a dist-tag for 1.8
32 info addNameTag [ '1.8', 'latest' ]
33 silly mapToRegistry name 1.8
34 silly mapToRegistry using default registry
35 silly mapToRegistry registry https://registry.npmjs.org/
36 silly mapToRegistry uri https://registry.npmjs.org/1.8
37 verbose addNameTag registry:https://registry.npmjs.org/1.8 not in flight; fetching
38 verbose request uri https://registry.npmjs.org/phantom.js
39 verbose request no auth needed
40 info attempt registry request try #1 at 10:15:00
41 verbose request id 1fdb1bc0b3fc81ad
42 http request GET https://registry.npmjs.org/phantom.js
43 verbose request uri https://registry.npmjs.org/1.8
44 verbose request no auth needed
45 info attempt registry request try #1 at 10:15:00
46 http request GET https://registry.npmjs.org/1.8
47 http 404 https://registry.npmjs.org/phantom.js
48 verbose headers { 'content-type': 'application/json',
48 verbose headers   'cache-control': 'max-age=0',
48 verbose headers   'content-length': '2',
48 verbose headers   'accept-ranges': 'bytes',
48 verbose headers   date: 'Tue, 26 Apr 2016 01:15:01 GMT',
48 verbose headers   via: '1.1 varnish',
48 verbose headers   age: '0',
48 verbose headers   connection: 'keep-alive',
48 verbose headers   'x-served-by': 'cache-nrt6132-NRT',
48 verbose headers   'x-cache': 'MISS',
48 verbose headers   'x-cache-hits': '0',
48 verbose headers   'x-timer': 'S1461633301.224692,VS0,VE179',
48 verbose headers   vary: 'Accept-Encoding' }
49 silly get cb [ 404,
49 silly get   { 'content-type': 'application/json',
49 silly get     'cache-control': 'max-age=0',
49 silly get     'content-length': '2',
49 silly get     'accept-ranges': 'bytes',
49 silly get     date: 'Tue, 26 Apr 2016 01:15:01 GMT',
49 silly get     via: '1.1 varnish',
49 silly get     age: '0',
49 silly get     connection: 'keep-alive',
49 silly get     'x-served-by': 'cache-nrt6132-NRT',
49 silly get     'x-cache': 'MISS',
49 silly get     'x-cache-hits': '0',
49 silly get     'x-timer': 'S1461633301.224692,VS0,VE179',
49 silly get     vary: 'Accept-Encoding' } ]
50 http 404 https://registry.npmjs.org/1.8
51 verbose headers { 'content-type': 'application/json',
51 verbose headers   'cache-control': 'max-age=0',
51 verbose headers   'content-length': '2',
51 verbose headers   'accept-ranges': 'bytes',
51 verbose headers   date: 'Tue, 26 Apr 2016 01:15:01 GMT',
51 verbose headers   via: '1.1 varnish',
51 verbose headers   age: '0',
51 verbose headers   connection: 'keep-alive',
51 verbose headers   'x-served-by': 'cache-nrt6125-NRT',
51 verbose headers   'x-cache': 'MISS',
51 verbose headers   'x-cache-hits': '0',
51 verbose headers   'x-timer': 'S1461633301.326223,VS0,VE177',
51 verbose headers   vary: 'Accept-Encoding' }
52 silly get cb [ 404,
52 silly get   { 'content-type': 'application/json',
52 silly get     'cache-control': 'max-age=0',
52 silly get     'content-length': '2',
52 silly get     'accept-ranges': 'bytes',
52 silly get     date: 'Tue, 26 Apr 2016 01:15:01 GMT',
52 silly get     via: '1.1 varnish',
52 silly get     age: '0',
52 silly get     connection: 'keep-alive',
52 silly get     'x-served-by': 'cache-nrt6125-NRT',
52 silly get     'x-cache': 'MISS',
52 silly get     'x-cache-hits': '0',
52 silly get     'x-timer': 'S1461633301.326223,VS0,VE177',
52 silly get     vary: 'Accept-Encoding' } ]
53 verbose stack Error: Registry returned 404 for GET on https://registry.npmjs.org/phantom.js
53 verbose stack     at makeError (/usr/local/lib/node_modules/npm/node_modules/npm-registry-client/lib/request.js:264:12)
53 verbose stack     at CachingRegistryClient.<anonymous> (/usr/local/lib/node_modules/npm/node_modules/npm-registry-client/lib/request.js:242:14)
53 verbose stack     at Request._callback (/usr/local/lib/node_modules/npm/node_modules/npm-registry-client/lib/request.js:172:14)
53 verbose stack     at Request.self.callback (/usr/local/lib/node_modules/npm/node_modules/request/request.js:198:22)
53 verbose stack     at emitTwo (events.js:87:13)
53 verbose stack     at Request.emit (events.js:172:7)
53 verbose stack     at Request.<anonymous> (/usr/local/lib/node_modules/npm/node_modules/request/request.js:1082:10)
53 verbose stack     at emitOne (events.js:82:20)
53 verbose stack     at Request.emit (events.js:169:7)
53 verbose stack     at IncomingMessage.<anonymous> (/usr/local/lib/node_modules/npm/node_modules/request/request.js:1009:12)
54 verbose statusCode 404
55 verbose pkgid phantom.js
56 verbose cwd /Users/yuhyegyeong/test
57 error Darwin 15.2.0
58 error argv "/usr/local/bin/node" "/usr/local/bin/npm" "install" "phantom.js" "1.8"
59 error node v4.2.4
60 error npm  v2.14.12
61 error code E404
62 error 404 Registry returned 404 for GET on https://registry.npmjs.org/phantom.js
62 error 404
62 error 404 'phantom.js' is not in the npm registry.
62 error 404 You should bug the author to publish it (or use the name yourself!)
62 error 404 It was specified as a dependency of 'test1'
62 error 404
62 error 404 Note that you can also install from a
62 error 404 tarball, folder, http url, or git url.
63 verbose exit [ 1, true ]
